<?xml version="1.0" encoding="UTF-8"?>
<robot generator="Robot 7.1.1 (Python 3.13.0 on win32)" generated="2025-04-12T09:52:13.174593" rpa="false" schemaversion="5">
<suite id="s1" name="Login" source="c:\small-daily-challenges\small-daily-challenges\Chanllege1-2\login.robot">
<test id="s1-t1" name="Cenário 1: Login em uma página web usando credenciais básicas" line="42">
<kw name="Abrir o site na tela de login">
<kw name="Open Browser" owner="SeleniumLibrary">
<msg time="2025-04-12T09:52:13.399813" level="INFO">Opening browser 'chrome' to base url 'https://www.saucedemo.com/v1/'.</msg>
<arg>https://www.saucedemo.com/v1/</arg>
<arg>chrome</arg>
<doc>Opens a new browser instance to the optional ``url``.</doc>
<status status="PASS" start="2025-04-12T09:52:13.399230" elapsed="4.346585"/>
</kw>
<kw name="Capture Page Screenshot" owner="SeleniumLibrary">
<msg time="2025-04-12T09:52:17.884938" level="INFO" html="true">&lt;/td&gt;&lt;/tr&gt;&lt;tr&gt;&lt;td colspan="3"&gt;&lt;a href="selenium-screenshot-1.png"&gt;&lt;img src="selenium-screenshot-1.png" width="800px"&gt;&lt;/a&gt;</msg>
<doc>Takes a screenshot of the current page and embeds it into a log file.</doc>
<status status="PASS" start="2025-04-12T09:52:17.746094" elapsed="0.139053"/>
</kw>
<status status="PASS" start="2025-04-12T09:52:13.398461" elapsed="4.486808"/>
</kw>
<kw name="Inserir as credenciais básicas de login (email e senha)">
<kw name="Set Focus To Element" owner="SeleniumLibrary">
<arg>${input_email}</arg>
<doc>Sets the focus to the element identified by ``locator``.</doc>
<status status="PASS" start="2025-04-12T09:52:17.886063" elapsed="0.038113"/>
</kw>
<kw name="Input Text" owner="SeleniumLibrary">
<msg time="2025-04-12T09:52:17.925902" level="INFO">Typing text 'standard_user' into text field 'name:user-name'.</msg>
<arg>${input_email}</arg>
<arg>${user-name}</arg>
<doc>Types the given ``text`` into the text field identified by ``locator``.</doc>
<status status="PASS" start="2025-04-12T09:52:17.925029" elapsed="0.132914"/>
</kw>
<kw name="Set Focus To Element" owner="SeleniumLibrary">
<arg>${input_password}</arg>
<doc>Sets the focus to the element identified by ``locator``.</doc>
<status status="PASS" start="2025-04-12T09:52:18.058405" elapsed="0.025970"/>
</kw>
<kw name="Input Password" owner="SeleniumLibrary">
<msg time="2025-04-12T09:52:18.085038" level="INFO">Typing password into text field 'name:password'.</msg>
<msg time="2025-04-12T09:52:18.121181" level="INFO">Temporally setting log level to: NONE</msg>
<arg>${input_password}</arg>
<arg>${password}</arg>
<doc>Types the given password into the text field identified by ``locator``.</doc>
<status status="PASS" start="2025-04-12T09:52:18.084663" elapsed="0.106491"/>
</kw>
<status status="PASS" start="2025-04-12T09:52:17.885793" elapsed="0.305535"/>
</kw>
<kw name="Clicar no botão &quot;Entrar&quot;">
<kw name="Click Element" owner="SeleniumLibrary">
<msg time="2025-04-12T09:52:18.192784" level="INFO">Clicking element '//*[@id="login-button"]'.</msg>
<arg>${login.button_submit_login}</arg>
<doc>Click the element identified by ``locator``.</doc>
<status status="PASS" start="2025-04-12T09:52:18.192120" elapsed="0.511087"/>
</kw>
<kw name="Sleep" owner="BuiltIn">
<msg time="2025-04-12T09:52:20.705307" level="INFO">Slept 2 seconds.</msg>
<arg>2</arg>
<doc>Pauses the test executed for the given time.</doc>
<status status="PASS" start="2025-04-12T09:52:18.703839" elapsed="2.001776"/>
</kw>
<kw name="Capture Page Screenshot" owner="SeleniumLibrary">
<msg time="2025-04-12T09:52:20.820839" level="INFO" html="true">&lt;/td&gt;&lt;/tr&gt;&lt;tr&gt;&lt;td colspan="3"&gt;&lt;a href="selenium-screenshot-2.png"&gt;&lt;img src="selenium-screenshot-2.png" width="800px"&gt;&lt;/a&gt;</msg>
<doc>Takes a screenshot of the current page and embeds it into a log file.</doc>
<status status="PASS" start="2025-04-12T09:52:20.705862" elapsed="0.115173"/>
</kw>
<status status="PASS" start="2025-04-12T09:52:18.191818" elapsed="2.629313"/>
</kw>
<kw name="Fechar navegador">
<kw name="Close Browser" owner="SeleniumLibrary">
<doc>Closes the current browser.</doc>
<status status="PASS" start="2025-04-12T09:52:20.821969" elapsed="2.230495"/>
</kw>
<status status="PASS" start="2025-04-12T09:52:20.821706" elapsed="2.231261"/>
</kw>
<status status="PASS" start="2025-04-12T09:52:13.397536" elapsed="9.656850"/>
</test>
<status status="PASS" start="2025-04-12T09:52:13.179244" elapsed="9.877385"/>
</suite>
<statistics>
<total>
<stat pass="1" fail="0" skip="0">All Tests</stat>
</total>
<tag>
</tag>
<suite>
<stat pass="1" fail="0" skip="0" id="s1" name="Login">Login</stat>
</suite>
</statistics>
<errors>
</errors>
</robot>
